[0.420s] Invoking command in '/home/muhammetbilal/ros2_ws/src/altay_kontrol': PYTHONPATH=/home/muhammetbilal/ros2_ws/build/altay_kontrol/prefix_override:/usr/lib/python3/dist-packages/colcon_core/task/python/colcon_distutils_commands:/home/muhammetbilal/ros2_ws/install/altay_kontrol/lib/python3.10/site-packages:${PYTHONPATH} /usr/bin/python3 -W ignore:setup.py install is deprecated -W ignore:easy_install command is deprecated setup.py egg_info --egg-base ../../build/altay_kontrol build --build-base /home/muhammetbilal/ros2_ws/build/altay_kontrol/build install --record /home/muhammetbilal/ros2_ws/build/altay_kontrol/install.log --single-version-externally-managed install_data
[0.586s] running egg_info
[0.586s] writing ../../build/altay_kontrol/altay_kontrol.egg-info/PKG-INFO
[0.586s] writing dependency_links to ../../build/altay_kontrol/altay_kontrol.egg-info/dependency_links.txt
[0.586s] writing entry points to ../../build/altay_kontrol/altay_kontrol.egg-info/entry_points.txt
[0.586s] writing requirements to ../../build/altay_kontrol/altay_kontrol.egg-info/requires.txt
[0.586s] writing top-level names to ../../build/altay_kontrol/altay_kontrol.egg-info/top_level.txt
[0.588s] reading manifest file '../../build/altay_kontrol/altay_kontrol.egg-info/SOURCES.txt'
[0.588s] writing manifest file '../../build/altay_kontrol/altay_kontrol.egg-info/SOURCES.txt'
[0.588s] running build
[0.588s] running build_py
[0.588s] running install
[0.589s] running install_lib
[0.589s] running install_data
[0.590s] running install_egg_info
[0.591s] removing '/home/muhammetbilal/ros2_ws/install/altay_kontrol/lib/python3.10/site-packages/altay_kontrol-0.0.0-py3.10.egg-info' (and everything under it)
[0.591s] Copying ../../build/altay_kontrol/altay_kontrol.egg-info to /home/muhammetbilal/ros2_ws/install/altay_kontrol/lib/python3.10/site-packages/altay_kontrol-0.0.0-py3.10.egg-info
[0.592s] running install_scripts
[0.606s] Installing ilk_node script to /home/muhammetbilal/ros2_ws/install/altay_kontrol/lib/altay_kontrol
[0.607s] writing list of installed files to '/home/muhammetbilal/ros2_ws/build/altay_kontrol/install.log'
[0.624s] Invoked command in '/home/muhammetbilal/ros2_ws/src/altay_kontrol' returned '0': PYTHONPATH=/home/muhammetbilal/ros2_ws/build/altay_kontrol/prefix_override:/usr/lib/python3/dist-packages/colcon_core/task/python/colcon_distutils_commands:/home/muhammetbilal/ros2_ws/install/altay_kontrol/lib/python3.10/site-packages:${PYTHONPATH} /usr/bin/python3 -W ignore:setup.py install is deprecated -W ignore:easy_install command is deprecated setup.py egg_info --egg-base ../../build/altay_kontrol build --build-base /home/muhammetbilal/ros2_ws/build/altay_kontrol/build install --record /home/muhammetbilal/ros2_ws/build/altay_kontrol/install.log --single-version-externally-managed install_data
