running egg_info
creating ../../build/altay_kontrol/altay_kontrol.egg-info
writing ../../build/altay_kontrol/altay_kontrol.egg-info/PKG-INFO
writing dependency_links to ../../build/altay_kontrol/altay_kontrol.egg-info/dependency_links.txt
writing entry points to ../../build/altay_kontrol/altay_kontrol.egg-info/entry_points.txt
writing requirements to ../../build/altay_kontrol/altay_kontrol.egg-info/requires.txt
writing top-level names to ../../build/altay_kontrol/altay_kontrol.egg-info/top_level.txt
writing manifest file '../../build/altay_kontrol/altay_kontrol.egg-info/SOURCES.txt'
reading manifest file '../../build/altay_kontrol/altay_kontrol.egg-info/SOURCES.txt'
writing manifest file '../../build/altay_kontrol/altay_kontrol.egg-info/SOURCES.txt'
running build
running build_py
creating /home/muhammetbilal/ros2_ws/build/altay_kontrol/build
creating /home/muhammetbilal/ros2_ws/build/altay_kontrol/build/lib
creating /home/muhammetbilal/ros2_ws/build/altay_kontrol/build/lib/altay_kontrol
copying altay_kontrol/__init__.py -> /home/muhammetbilal/ros2_ws/build/altay_kontrol/build/lib/altay_kontrol
copying altay_kontrol/ilk_node.py -> /home/muhammetbilal/ros2_ws/build/altay_kontrol/build/lib/altay_kontrol
running install
running install_lib
creating /home/muhammetbilal/ros2_ws/install/altay_kontrol/lib/python3.10/site-packages/altay_kontrol
copying /home/muhammetbilal/ros2_ws/build/altay_kontrol/build/lib/altay_kontrol/__init__.py -> /home/muhammetbilal/ros2_ws/install/altay_kontrol/lib/python3.10/site-packages/altay_kontrol
copying /home/muhammetbilal/ros2_ws/build/altay_kontrol/build/lib/altay_kontrol/ilk_node.py -> /home/muhammetbilal/ros2_ws/install/altay_kontrol/lib/python3.10/site-packages/altay_kontrol
byte-compiling /home/muhammetbilal/ros2_ws/install/altay_kontrol/lib/python3.10/site-packages/altay_kontrol/__init__.py to __init__.cpython-310.pyc
byte-compiling /home/muhammetbilal/ros2_ws/install/altay_kontrol/lib/python3.10/site-packages/altay_kontrol/ilk_node.py to ilk_node.cpython-310.pyc
running install_data
creating /home/muhammetbilal/ros2_ws/install/altay_kontrol/share/ament_index
creating /home/muhammetbilal/ros2_ws/install/altay_kontrol/share/ament_index/resource_index
creating /home/muhammetbilal/ros2_ws/install/altay_kontrol/share/ament_index/resource_index/packages
copying resource/altay_kontrol -> /home/muhammetbilal/ros2_ws/install/altay_kontrol/share/ament_index/resource_index/packages
copying package.xml -> /home/muhammetbilal/ros2_ws/install/altay_kontrol/share/altay_kontrol
running install_egg_info
Copying ../../build/altay_kontrol/altay_kontrol.egg-info to /home/muhammetbilal/ros2_ws/install/altay_kontrol/lib/python3.10/site-packages/altay_kontrol-0.0.0-py3.10.egg-info
running install_scripts
writing list of installed files to '/home/muhammetbilal/ros2_ws/build/altay_kontrol/install.log'
