[0.418s] Invoking command in '/home/muhammetbilal/ros2_ws/src/altay_kontrol': PYTHONPATH=/home/muhammetbilal/ros2_ws/build/altay_kontrol/prefix_override:/usr/lib/python3/dist-packages/colcon_core/task/python/colcon_distutils_commands:/home/muhammetbilal/ros2_ws/install/altay_kontrol/lib/python3.10/site-packages:${PYTHONPATH} /usr/bin/python3 -W ignore:setup.py install is deprecated -W ignore:easy_install command is deprecated setup.py egg_info --egg-base ../../build/altay_kontrol build --build-base /home/muhammetbilal/ros2_ws/build/altay_kontrol/build install --record /home/muhammetbilal/ros2_ws/build/altay_kontrol/install.log --single-version-externally-managed install_data
[0.582s] running egg_info
[0.582s] creating ../../build/altay_kontrol/altay_kontrol.egg-info
[0.582s] writing ../../build/altay_kontrol/altay_kontrol.egg-info/PKG-INFO
[0.583s] writing dependency_links to ../../build/altay_kontrol/altay_kontrol.egg-info/dependency_links.txt
[0.583s] writing entry points to ../../build/altay_kontrol/altay_kontrol.egg-info/entry_points.txt
[0.583s] writing requirements to ../../build/altay_kontrol/altay_kontrol.egg-info/requires.txt
[0.583s] writing top-level names to ../../build/altay_kontrol/altay_kontrol.egg-info/top_level.txt
[0.583s] writing manifest file '../../build/altay_kontrol/altay_kontrol.egg-info/SOURCES.txt'
[0.584s] reading manifest file '../../build/altay_kontrol/altay_kontrol.egg-info/SOURCES.txt'
[0.585s] writing manifest file '../../build/altay_kontrol/altay_kontrol.egg-info/SOURCES.txt'
[0.585s] running build
[0.585s] running build_py
[0.585s] creating /home/muhammetbilal/ros2_ws/build/altay_kontrol/build
[0.585s] creating /home/muhammetbilal/ros2_ws/build/altay_kontrol/build/lib
[0.585s] creating /home/muhammetbilal/ros2_ws/build/altay_kontrol/build/lib/altay_kontrol
[0.585s] copying altay_kontrol/__init__.py -> /home/muhammetbilal/ros2_ws/build/altay_kontrol/build/lib/altay_kontrol
[0.585s] copying altay_kontrol/ilk_node.py -> /home/muhammetbilal/ros2_ws/build/altay_kontrol/build/lib/altay_kontrol
[0.585s] running install
[0.585s] running install_lib
[0.586s] creating /home/muhammetbilal/ros2_ws/install/altay_kontrol/lib/python3.10/site-packages/altay_kontrol
[0.586s] copying /home/muhammetbilal/ros2_ws/build/altay_kontrol/build/lib/altay_kontrol/__init__.py -> /home/muhammetbilal/ros2_ws/install/altay_kontrol/lib/python3.10/site-packages/altay_kontrol
[0.586s] copying /home/muhammetbilal/ros2_ws/build/altay_kontrol/build/lib/altay_kontrol/ilk_node.py -> /home/muhammetbilal/ros2_ws/install/altay_kontrol/lib/python3.10/site-packages/altay_kontrol
[0.586s] byte-compiling /home/muhammetbilal/ros2_ws/install/altay_kontrol/lib/python3.10/site-packages/altay_kontrol/__init__.py to __init__.cpython-310.pyc
[0.586s] byte-compiling /home/muhammetbilal/ros2_ws/install/altay_kontrol/lib/python3.10/site-packages/altay_kontrol/ilk_node.py to ilk_node.cpython-310.pyc
[0.587s] running install_data
[0.587s] creating /home/muhammetbilal/ros2_ws/install/altay_kontrol/share/ament_index
[0.587s] creating /home/muhammetbilal/ros2_ws/install/altay_kontrol/share/ament_index/resource_index
[0.587s] creating /home/muhammetbilal/ros2_ws/install/altay_kontrol/share/ament_index/resource_index/packages
[0.587s] copying resource/altay_kontrol -> /home/muhammetbilal/ros2_ws/install/altay_kontrol/share/ament_index/resource_index/packages
[0.587s] copying package.xml -> /home/muhammetbilal/ros2_ws/install/altay_kontrol/share/altay_kontrol
[0.587s] running install_egg_info
[0.588s] Copying ../../build/altay_kontrol/altay_kontrol.egg-info to /home/muhammetbilal/ros2_ws/install/altay_kontrol/lib/python3.10/site-packages/altay_kontrol-0.0.0-py3.10.egg-info
[0.589s] running install_scripts
[0.604s] writing list of installed files to '/home/muhammetbilal/ros2_ws/build/altay_kontrol/install.log'
[0.626s] Invoked command in '/home/muhammetbilal/ros2_ws/src/altay_kontrol' returned '0': PYTHONPATH=/home/muhammetbilal/ros2_ws/build/altay_kontrol/prefix_override:/usr/lib/python3/dist-packages/colcon_core/task/python/colcon_distutils_commands:/home/muhammetbilal/ros2_ws/install/altay_kontrol/lib/python3.10/site-packages:${PYTHONPATH} /usr/bin/python3 -W ignore:setup.py install is deprecated -W ignore:easy_install command is deprecated setup.py egg_info --egg-base ../../build/altay_kontrol build --build-base /home/muhammetbilal/ros2_ws/build/altay_kontrol/build install --record /home/muhammetbilal/ros2_ws/build/altay_kontrol/install.log --single-version-externally-managed install_data
