/home/muhammetbilal/ros2_ws/install/altay_kontrol/lib/python3.10/site-packages/altay_kontrol/__init__.py
/home/muhammetbilal/ros2_ws/install/altay_kontrol/lib/python3.10/site-packages/altay_kontrol/ilk_node.py
/home/muhammetbilal/ros2_ws/install/altay_kontrol/lib/python3.10/site-packages/altay_kontrol/karar_node.py
/home/muhammetbilal/ros2_ws/install/altay_kontrol/lib/python3.10/site-packages/altay_kontrol/dron_merkezi.py
/home/muhammetbilal/ros2_ws/install/altay_kontrol/lib/python3.10/site-packages/altay_kontrol/yer_istasyonu.py
/home/muhammetbilal/ros2_ws/install/altay_kontrol/lib/python3.10/site-packages/altay_kontrol/kamera_node.py
/home/muhammetbilal/ros2_ws/install/altay_kontrol/lib/python3.10/site-packages/altay_kontrol/__pycache__/__init__.cpython-310.pyc
/home/muhammetbilal/ros2_ws/install/altay_kontrol/lib/python3.10/site-packages/altay_kontrol/__pycache__/ilk_node.cpython-310.pyc
/home/muhammetbilal/ros2_ws/install/altay_kontrol/lib/python3.10/site-packages/altay_kontrol/__pycache__/karar_node.cpython-310.pyc
/home/muhammetbilal/ros2_ws/install/altay_kontrol/lib/python3.10/site-packages/altay_kontrol/__pycache__/dron_merkezi.cpython-310.pyc
/home/muhammetbilal/ros2_ws/install/altay_kontrol/lib/python3.10/site-packages/altay_kontrol/__pycache__/yer_istasyonu.cpython-310.pyc
/home/muhammetbilal/ros2_ws/install/altay_kontrol/lib/python3.10/site-packages/altay_kontrol/__pycache__/kamera_node.cpython-310.pyc
/home/muhammetbilal/ros2_ws/install/altay_kontrol/share/ament_index/resource_index/packages/altay_kontrol
/home/muhammetbilal/ros2_ws/install/altay_kontrol/share/altay_kontrol/package.xml
/home/muhammetbilal/ros2_ws/install/altay_kontrol/lib/python3.10/site-packages/altay_kontrol-0.0.0-py3.10.egg-info/entry_points.txt
/home/muhammetbilal/ros2_ws/install/altay_kontrol/lib/python3.10/site-packages/altay_kontrol-0.0.0-py3.10.egg-info/top_level.txt
/home/muhammetbilal/ros2_ws/install/altay_kontrol/lib/python3.10/site-packages/altay_kontrol-0.0.0-py3.10.egg-info/PKG-INFO
/home/muhammetbilal/ros2_ws/install/altay_kontrol/lib/python3.10/site-packages/altay_kontrol-0.0.0-py3.10.egg-info/SOURCES.txt
/home/muhammetbilal/ros2_ws/install/altay_kontrol/lib/python3.10/site-packages/altay_kontrol-0.0.0-py3.10.egg-info/dependency_links.txt
/home/muhammetbilal/ros2_ws/install/altay_kontrol/lib/python3.10/site-packages/altay_kontrol-0.0.0-py3.10.egg-info/zip-safe
/home/muhammetbilal/ros2_ws/install/altay_kontrol/lib/python3.10/site-packages/altay_kontrol-0.0.0-py3.10.egg-info/requires.txt
/home/muhammetbilal/ros2_ws/install/altay_kontrol/lib/altay_kontrol/dron_merkezi
/home/muhammetbilal/ros2_ws/install/altay_kontrol/lib/altay_kontrol/ilk_node
/home/muhammetbilal/ros2_ws/install/altay_kontrol/lib/altay_kontrol/kamera_node
/home/muhammetbilal/ros2_ws/install/altay_kontrol/lib/altay_kontrol/karar_node
/home/muhammetbilal/ros2_ws/install/altay_kontrol/lib/altay_kontrol/yer_istasyonu
